<?xml version="1.0" encoding="UTF-8"?>
<!-- Generated by org.testng.reporters.JUnitReportReporter -->
<testsuite hostname="DESKTOP-JL7ICEQ" failures="0" tests="6" name="loop.test.Fizz_test" time="0.015" errors="0" timestamp="04 May 2020 06:46:07 GMT" skipped="0">
  <testcase classname="loop.test.Fizz_test" name="numberdiv3" time="0.007"/>
  <testcase classname="loop.test.Fizz_test" name="numberdiv5" time="0.002"/>
  <testcase classname="loop.test.Fizz_test" name="numberdiv3and5" time="0.001"/>
  <testcase classname="loop.test.Fizz_test" name="numberdivnone" time="0.003"/>
  <testcase classname="loop.test.Fizz_test" name="numberdivzero" time="0.001"/>
  <testcase classname="loop.test.Fizz_test" name="numberdivneg" time="0.001"/>
</testsuite> <!-- loop.test.Fizz_test -->
