<?xml version="1.0" encoding="UTF-8"?>
<!-- Generated by org.testng.reporters.JUnitReportReporter -->
<testsuite hostname="DESKTOP-JL7ICEQ" failures="0" tests="1" name="loop.test.Swap_numbers_test" time="0.008" errors="0" timestamp="06 May 2020 05:39:37 GMT" skipped="0">
  <testcase classname="loop.test.Swap_numbers_test" name="swap_with_postivenumbers" time="0.008"/>
</testsuite> <!-- loop.test.Swap_numbers_test -->
