<?xml version="1.0" encoding="UTF-8"?>
<!-- Generated by org.testng.reporters.JUnitReportReporter -->
<testsuite hostname="DESKTOP-JL7ICEQ" failures="0" tests="4" name="common_test.Intersection_test" time="0.012" errors="0" timestamp="04 May 2020 20:22:48 GMT" skipped="0">
  <testcase classname="common_test.Intersection_test" name="valid_empty_arrays" time="0.002"/>
  <testcase classname="common_test.Intersection_test" name="valid_arrays" time="0.006"/>
  <testcase classname="common_test.Intersection_test" name="valid_duplicatenum_arrays" time="0.002"/>
  <testcase classname="common_test.Intersection_test" name="valid_negnumber_arrays" time="0.002"/>
</testsuite> <!-- common_test.Intersection_test -->
