<?xml version="1.0" encoding="UTF-8"?>
<!-- Generated by org.testng.reporters.JUnitReportReporter -->
<testsuite hostname="DESKTOP-JL7ICEQ" failures="0" tests="1" name="appiumtest.Calculator" time="3.953" errors="0" timestamp="2020-06-19T22:17:05 PDT" skipped="0">
  <testcase classname="appiumtest.Calculator" name="testCal" time="3.953"/>
  <system-out/>
</testsuite> <!-- appiumtest.Calculator -->
