<?xml version="1.0" encoding="UTF-8"?>
<!-- Generated by org.testng.reporters.JUnitReportReporter -->
<testsuite hostname="DESKTOP-JL7ICEQ" failures="0" tests="4" name="com.freecrm.testcases.HomeTest" time="41.301" errors="0" timestamp="2020-06-04T17:58:39 PDT" skipped="0">
  <testcase classname="com.freecrm.testcases.HomeTest" name="hpValidateTitle" time="9.201"/>
  <system-out/>
  <testcase classname="com.freecrm.testcases.HomeTest" name="hpValiadteDisplayCompanies" time="11.053"/>
  <system-out/>
  <testcase classname="com.freecrm.testcases.HomeTest" name="hpValiadteDisplayCall" time="11.198"/>
  <system-out/>
  <testcase classname="com.freecrm.testcases.HomeTest" name="hpValiadteDisplayDeals" time="9.849"/>
  <system-out/>
</testsuite> <!-- com.freecrm.testcases.HomeTest -->
