<?xml version="1.0" encoding="UTF-8"?>
<!-- Generated by org.testng.reporters.JUnitReportReporter -->
<testsuite hostname="DESKTOP-JL7ICEQ" failures="0" tests="1" name="com.freecrm.testcases.LoginTest" time="0.004" errors="0" timestamp="2020-06-04T17:58:39 PDT" skipped="0">
  <testcase classname="com.freecrm.testcases.LoginTest" name="lpValidateTitle" time="0.004"/>
  <system-out/>
</testsuite> <!-- com.freecrm.testcases.LoginTest -->
