<?xml version="1.0" encoding="UTF-8"?>
<!-- Generated by org.testng.reporters.JUnitReportReporter -->
<testsuite hostname="DESKTOP-JL7ICEQ" failures="0" tests="2" name="com.freecrm.testcases.CompaniesTest" time="61.532" errors="0" timestamp="2020-06-04T17:58:39 PDT" skipped="0">
  <testcase classname="com.freecrm.testcases.CompaniesTest" name="cpValidateUrl" time="14.338"/>
  <system-out/>
  <testcase classname="com.freecrm.testcases.CompaniesTest" name="cpAddNewComapny" time="47.194"/>
  <system-out/>
</testsuite> <!-- com.freecrm.testcases.CompaniesTest -->
