<?xml version="1.0" encoding="UTF-8"?>
<!-- Generated by org.testng.reporters.JUnitReportReporter -->
<testsuite hostname="DESKTOP-JL7ICEQ" failures="0" tests="6" name="com.freecrm.testcases.ContactsTest" time="25.349" errors="0" timestamp="2020-06-04T17:58:39 PDT" skipped="0">
  <testcase classname="com.freecrm.testcases.ContactsTest" name="cplLoginWithMultipleValues" time="6.364"/>
  <system-out/>
  <testcase classname="com.freecrm.testcases.ContactsTest" name="cpVerifyingContacts" time="0.580"/>
  <system-out/>
  <testcase classname="com.freecrm.testcases.ContactsTest" name="cplLoginWithMultipleValues" time="6.057"/>
  <system-out/>
  <testcase classname="com.freecrm.testcases.ContactsTest" name="cplLoginWithMultipleValues" time="5.787"/>
  <system-out/>
  <testcase classname="com.freecrm.testcases.ContactsTest" name="cpTitleValidation" time="0.420"/>
  <system-out/>
  <testcase classname="com.freecrm.testcases.ContactsTest" name="cplLoginWithMultipleValues" time="6.141"/>
  <system-out/>
</testsuite> <!-- com.freecrm.testcases.ContactsTest -->
